Id. usuario del trabajo: d1estudiante23
Id. del trabajo: 10140
Nombre del trabajo especificado por usuario: helloOMP
Directorio de trabajo (en el que se ejecuta el script): /home/d1estudiante23/bp0/ejer5
Cola: ac
Nodo que ejecuta este trabajo:atcgrid
Nº de nodos asignados al trabajo: 1
Nodos asignados al trabajo: atcgrid1
CPUs por nodo: 24

Tamanio Vectores:65536 (4 B)

Tiempo:0.000462183	 / Tamanio Vectores:65536	/ V1[0]+V2[0]=V3[0](6553.600000+6553.600000=13107.200000) / / V1[65535]+V2[65535]=V3[65535](13107.100000+0.100000=13107.200000) /



Tamanio Vectores:131072 (4 B)

Tiempo:0.000928061	 / Tamanio Vectores:131072	/ V1[0]+V2[0]=V3[0](13107.200000+13107.200000=26214.400000) / / V1[131071]+V2[131071]=V3[131071](26214.300000+0.100000=26214.400000) /



Tamanio Vectores:262144 (4 B)

Tiempo:0.001818911	 / Tamanio Vectores:262144	/ V1[0]+V2[0]=V3[0](26214.400000+26214.400000=52428.800000) / / V1[262143]+V2[262143]=V3[262143](52428.700000+0.100000=52428.800000) /


srun: error: atcgrid1: task 0: Segmentation fault (core dumped)


srun: error: atcgrid1: task 0: Segmentation fault (core dumped)


srun: error: atcgrid1: task 0: Segmentation fault (core dumped)


srun: error: atcgrid1: task 0: Segmentation fault (core dumped)


srun: error: atcgrid1: task 0: Segmentation fault (core dumped)


srun: error: atcgrid1: task 0: Segmentation fault (core dumped)


srun: error: atcgrid1: task 0: Segmentation fault (core dumped)


srun: error: atcgrid1: task 0: Segmentation fault (core dumped)


